npm warn exec The following package was not found and will be installed: serve@14.2.6
 INFO  Accepting connections at http://localhost:3030
 HTTP  5/31/2026 2:48:35 AM 127.0.0.1 GET /
 HTTP  5/31/2026 2:48:35 AM 127.0.0.1 Returned 200 in 19 ms
 HTTP  5/31/2026 2:48:42 AM ::1 GET /
 HTTP  5/31/2026 2:48:42 AM ::1 Returned 200 in 2 ms
 HTTP  5/31/2026 2:48:42 AM ::1 GET /manifest.json
 HTTP  5/31/2026 2:48:42 AM ::1 Returned 200 in 2 ms
 HTTP  5/31/2026 2:48:42 AM ::1 GET /favicon.ico
 HTTP  5/31/2026 2:48:42 AM ::1 GET /icons/icon-192.png
 HTTP  5/31/2026 2:48:42 AM ::1 Returned 404 in 2 ms
 HTTP  5/31/2026 2:48:42 AM ::1 Returned 200 in 2 ms
 HTTP  5/31/2026 2:48:42 AM ::1 GET /sw.js
 HTTP  5/31/2026 2:48:42 AM ::1 Returned 200 in 0 ms
 HTTP  5/31/2026 2:48:42 AM ::1 GET /index.html
 HTTP  5/31/2026 2:48:42 AM ::1 Returned 301 in 0 ms
 HTTP  5/31/2026 2:48:42 AM ::1 GET /
 HTTP  5/31/2026 2:48:42 AM ::1 GET /manifest.json
 HTTP  5/31/2026 2:48:42 AM ::1 Returned 304 in 1 ms
 HTTP  5/31/2026 2:48:42 AM ::1 GET /index
 HTTP  5/31/2026 2:48:42 AM ::1 Returned 301 in 1 ms
 HTTP  5/31/2026 2:48:42 AM ::1 Returned 304 in 3 ms
 HTTP  5/31/2026 2:48:42 AM ::1 GET /
 HTTP  5/31/2026 2:48:42 AM ::1 Returned 304 in 0 ms
 HTTP  5/31/2026 3:04:31 AM 127.0.0.1 GET /
 HTTP  5/31/2026 3:04:31 AM 127.0.0.1 Returned 200 in 3 ms
 HTTP  5/31/2026 3:04:47 AM 127.0.0.1 GET /
 HTTP  5/31/2026 3:04:47 AM 127.0.0.1 Returned 200 in 1 ms
Killed
npm notice
npm notice New minor version of npm available! 11.9.0 -> 11.16.0
npm notice Changelog: https://github.com/npm/cli/releases/tag/v11.16.0
npm notice To update run: npm install -g npm@11.16.0
npm notice
